          16          16 T     ! nop,nop2,symor 
!  1
    1    0    0        0.00000
    0    1    0        0.00000
    0    0    1        0.00000
!  2
    0    1    0        0.00000
    1    0    0        0.00000
    0    0    1        0.00000
!  3
   -1    0    0        0.00000
    0   -1    0        0.00000
    0    0   -1        0.00000
!  4
    0   -1    0        0.00000
   -1    0    0        0.00000
    0    0   -1        0.00000
!  5
    1    0    1        0.00000
    0   -1    0        0.00000
    0    0   -1        0.00000
!  6
    0    1    1        0.00000
   -1    0    0        0.00000
    0    0   -1        0.00000
!  7
   -1    0    0        0.00000
    0    1    1        0.00000
    0    0   -1        0.00000
!  8
    0   -1    0        0.00000
    1    0    1        0.00000
    0    0   -1        0.00000
!  9
    1    0    1        0.00000
    0    1    1        0.00000
    0    0   -1        0.00000
! 10
    0    1    1        0.00000
    1    0    1        0.00000
    0    0   -1        0.00000
! 11
   -1    0   -1        0.00000
    0   -1   -1        0.00000
    0    0    1        0.00000
! 12
    0   -1   -1        0.00000
   -1    0   -1        0.00000
    0    0    1        0.00000
! 13
    1    0    0        0.00000
    0   -1   -1        0.00000
    0    0    1        0.00000
! 14
    0    1    0        0.00000
   -1    0   -1        0.00000
    0    0    1        0.00000
! 15
   -1    0   -1        0.00000
    0    1    0        0.00000
    0    0    1        0.00000
! 16
    0   -1   -1        0.00000
    1    0    0        0.00000
    0    0    1        0.00000
